<?xml version="1.0" encoding="UTF-8"?>
<!-- Generated by org.testng.reporters.JUnitXMLReporter -->
<testsuite hostname="Parihar-Air.home" ignored="0" name="Surefire test" tests="23" failures="0" timestamp="2023-06-30T15:58:24 CEST" time="22.828" errors="0">
  <testcase name="createBookingWithSuccess" time="0.932" classname="nl.payconiq.api.tests.GetBookingTests"/>
  <testcase name="getBookingByIdSuccess" time="0.67" classname="nl.payconiq.api.tests.GetBookingTests"/>
  <testcase name="getBookingByIdWithBadBokingID" time="0.569" classname="nl.payconiq.api.tests.GetBookingTests"/>
  <testcase name="getAllBookingsWithoutFilter" time="0.982" classname="nl.payconiq.api.tests.GetBookingTests"/>
  <testcase name="getAllBookingsWithFilter" time="0.578" classname="nl.payconiq.api.tests.GetBookingTests"/>
  <testcase name="deleteBookingWithSuccess" time="0.605" classname="nl.payconiq.api.tests.GetBookingTests"/>
  <testcase name="creteTokenTestWithSuccess" time="0.542" classname="nl.payconiq.api.tests.CreateTokenTests"/>
  <testcase name="createTokenTestWithBadCred" time="0.564" classname="nl.payconiq.api.tests.CreateTokenTests"/>
  <testcase name="createBookingTestWithSuccess" time="0.672" classname="nl.payconiq.api.tests.PartialUpdateBookingTests"/>
  <testcase name="partialuUpdateBookingTest" time="0.591" classname="nl.payconiq.api.tests.PartialUpdateBookingTests"/>
  <testcase name="partialuUpdateBookingWithBadAuthenticationTest" time="0.597" classname="nl.payconiq.api.tests.PartialUpdateBookingTests"/>
  <testcase name="deleteBookingWithSuccess" time="0.616" classname="nl.payconiq.api.tests.PartialUpdateBookingTests"/>
  <testcase name="createBookingWithSuccess" time="0.688" classname="nl.payconiq.api.tests.DeleteBookingTests"/>
  <testcase name="deleteBookingWithSuccess" time="0.559" classname="nl.payconiq.api.tests.DeleteBookingTests"/>
  <testcase name="deleteBookingWithFailure" time="0.535" classname="nl.payconiq.api.tests.DeleteBookingTests"/>
  <testcase name="createBookingTestWithSuccess" time="0.601" classname="nl.payconiq.api.tests.UpdateBookingTests"/>
  <testcase name="updateBookingTest" time="0.567" classname="nl.payconiq.api.tests.UpdateBookingTests"/>
  <testcase name="updateBookingWithoutAuthTest" time="0.559" classname="nl.payconiq.api.tests.UpdateBookingTests"/>
  <testcase name="deleteBookingWithSuccess" time="0.627" classname="nl.payconiq.api.tests.UpdateBookingTests"/>
  <testcase name="healthCheckAPIWithSuccess" time="0.566" classname="nl.payconiq.api.tests.HealthCheckAPITests"/>
  <testcase name="createBookingWithSuccess" time="0.71" classname="nl.payconiq.api.tests.CreateBookingTests"/>
  <testcase name="createBookingWithFailure" time="0.571" classname="nl.payconiq.api.tests.CreateBookingTests"/>
  <testcase name="deleteBookingWithSuccess" time="0.556" classname="nl.payconiq.api.tests.CreateBookingTests"/>
</testsuite> <!-- Surefire test -->
