<?xml version="1.0" encoding="UTF-8"?>
<!-- Generated by org.testng.reporters.JUnitXMLReporter -->
<testsuite hostname="Parihar-Air.home" ignored="1" name="Test" tests="1" failures="0" timestamp="27 Jun 2023 20:52:26 GMT" time="7.731" errors="0">
  <testcase name="createBookingTestWithFailure" time="7.075" classname="nl.payconiq.api.tests.CreateBookingTests"/>
  <testcase name="createBookingTestWithSuccess" time="0.0" classname="nl.payconiq.api.tests.CreateBookingTests">
    <ignored/>
  </testcase> <!-- createBookingTestWithSuccess -->
</testsuite> <!-- Test -->
