<?xml version="1.0" encoding="UTF-8"?>
<testsuite xmlns:xsi="http://www.w3.org/2001/XMLSchema-instance" xsi:noNamespaceSchemaLocation="https://maven.apache.org/surefire/maven-surefire-plugin/xsd/surefire-test-report-3.0.xsd" version="3.0" name="TestSuite" time="23.749" tests="23" errors="0" skipped="0" failures="0">
  <properties>
[...]
</properties>
  <testcase name="createBookingWithSuccess" classname="nl.payconiq.api.tests.GetBookingTests" time="0.936">
    <system-out><![CDATA[Body:
{
    "firstname": "Rosendo",
    "lastname": "Cartwright",
    "totalprice": 684,
    "depositpaid": true,
    "bookingdates": {
        "checkin": "2017-01-01",
        "checkout": "2018-01-01"
    },
    "additionalneeds": "Pappardelle alla Bolognese"
}
{
    "bookingid": 3004,
    "booking": {
        "firstname": "Rosendo",
        "lastname": "Cartwright",
        "totalprice": 684,
        "depositpaid": true,
        "bookingdates": {
            "checkin": "2017-01-01",
            "checkout": "2018-01-01"
        },
        "additionalneeds": "Pappardelle alla Bolognese"
    }
}
]]></system-out>
    <system-err><![CDATA[SLF4J: Failed to load class "org.slf4j.impl.StaticLoggerBinder".
SLF4J: Defaulting to no-operation (NOP) logger implementation
SLF4J: See http://www.slf4j.org/codes.html#StaticLoggerBinder for further details.
]]></system-err>
  </testcase>
  <testcase name="getBookingByIdSuccess" classname="nl.payconiq.api.tests.GetBookingTests" time="0.672">
    <system-out><![CDATA[Body:			<none>
{
    "firstname": "Rosendo",
    "lastname": "Cartwright",
    "totalprice": 684,
    "depositpaid": true,
    "bookingdates": {
        "checkin": "2017-01-01",
        "checkout": "2018-01-01"
    },
    "additionalneeds": "Pappardelle alla Bolognese"
}
]]></system-out>
  </testcase>
  <testcase name="getBookingByIdWithBadBokingID" classname="nl.payconiq.api.tests.GetBookingTests" time="0.57">
    <system-out><![CDATA[Body:			<none>
Not Found
]]></system-out>
  </testcase>
  <testcase name="getAllBookingsWithoutFilter" classname="nl.payconiq.api.tests.GetBookingTests" time="0.981">
    <system-out><![CDATA[Body:			<none>
]]></system-out>
  </testcase>
  <testcase name="getAllBookingsWithFilter" classname="nl.payconiq.api.tests.GetBookingTests" time="0.58">
    <system-out><![CDATA[Body:			<none>
[
    {
        "bookingid": 3004
    }
]
]]></system-out>
  </testcase>
  <testcase name="deleteBookingWithSuccess" classname="nl.payconiq.api.tests.GetBookingTests" time="0.605">
    <system-out><![CDATA[Body:			<none>
Created
]]></system-out>
  </testcase>
  <testcase name="creteTokenTestWithSuccess" classname="nl.payconiq.api.tests.CreateTokenTests" time="0.539"/>
  <testcase name="createTokenTestWithBadCred" classname="nl.payconiq.api.tests.CreateTokenTests" time="0.565">
    <system-out><![CDATA[{
    "reason": "Bad credentials"
}
]]></system-out>
  </testcase>
  <testcase name="createBookingTestWithSuccess" classname="nl.payconiq.api.tests.PartialUpdateBookingTests" time="0.671">
    <system-out><![CDATA[Body:
{
    "firstname": "Shaun",
    "lastname": "Rath",
    "totalprice": 212,
    "depositpaid": true,
    "bookingdates": {
        "checkin": "2017-01-01",
        "checkout": "2018-01-01"
    },
    "additionalneeds": "Massaman Curry"
}
{
    "bookingid": 3055,
    "booking": {
        "firstname": "Shaun",
        "lastname": "Rath",
        "totalprice": 212,
        "depositpaid": true,
        "bookingdates": {
            "checkin": "2017-01-01",
            "checkout": "2018-01-01"
        },
        "additionalneeds": "Massaman Curry"
    }
}
]]></system-out>
  </testcase>
  <testcase name="partialuUpdateBookingTest" classname="nl.payconiq.api.tests.PartialUpdateBookingTests" time="0.593">
    <system-out><![CDATA[Body:
{
    "firstname": "Laurine",
    "lastname": "Cremin"
}
{
    "firstname": "Laurine",
    "lastname": "Cremin",
    "totalprice": 212,
    "depositpaid": true,
    "bookingdates": {
        "checkin": "2017-01-01",
        "checkout": "2018-01-01"
    },
    "additionalneeds": "Massaman Curry"
}
]]></system-out>
  </testcase>
  <testcase name="partialuUpdateBookingWithBadAuthenticationTest" classname="nl.payconiq.api.tests.PartialUpdateBookingTests" time="0.598">
    <system-out><![CDATA[Body:
{
    "firstname": "Randal",
    "lastname": "Morissette"
}
Forbidden
]]></system-out>
  </testcase>
  <testcase name="deleteBookingWithSuccess" classname="nl.payconiq.api.tests.PartialUpdateBookingTests" time="0.616">
    <system-out><![CDATA[Body:			<none>
Created
]]></system-out>
  </testcase>
  <testcase name="createBookingWithSuccess" classname="nl.payconiq.api.tests.DeleteBookingTests" time="0.689">
    <system-out><![CDATA[Body:
{
    "firstname": "Scottie",
    "lastname": "Schneider",
    "totalprice": 914,
    "depositpaid": true,
    "bookingdates": {
        "checkin": "2017-01-01",
        "checkout": "2018-01-01"
    },
    "additionalneeds": "Salmon Nigiri"
}
{
    "bookingid": 3073,
    "booking": {
        "firstname": "Scottie",
        "lastname": "Schneider",
        "totalprice": 914,
        "depositpaid": true,
        "bookingdates": {
            "checkin": "2017-01-01",
            "checkout": "2018-01-01"
        },
        "additionalneeds": "Salmon Nigiri"
    }
}
]]></system-out>
  </testcase>
  <testcase name="deleteBookingWithSuccess" classname="nl.payconiq.api.tests.DeleteBookingTests" time="0.555">
    <system-out><![CDATA[Body:			<none>
Created
]]></system-out>
  </testcase>
  <testcase name="deleteBookingWithFailure" classname="nl.payconiq.api.tests.DeleteBookingTests" time="0.535">
    <system-out><![CDATA[Body:			<none>
Method Not Allowed
]]></system-out>
  </testcase>
  <testcase name="createBookingTestWithSuccess" classname="nl.payconiq.api.tests.UpdateBookingTests" time="0.603">
    <system-out><![CDATA[Body:
{
    "firstname": "Daren",
    "lastname": "Konopelski",
    "totalprice": 541,
    "depositpaid": false,
    "bookingdates": {
        "checkin": "2017-01-01",
        "checkout": "2018-01-01"
    },
    "additionalneeds": "Pork Belly Buns"
}
{
    "bookingid": 3095,
    "booking": {
        "firstname": "Daren",
        "lastname": "Konopelski",
        "totalprice": 541,
        "depositpaid": false,
        "bookingdates": {
            "checkin": "2017-01-01",
            "checkout": "2018-01-01"
        },
        "additionalneeds": "Pork Belly Buns"
    }
}
]]></system-out>
  </testcase>
  <testcase name="updateBookingTest" classname="nl.payconiq.api.tests.UpdateBookingTests" time="0.568">
    <system-out><![CDATA[Body:
{
    "firstname": "Colby",
    "lastname": "Jacobi",
    "totalprice": 2509,
    "depositpaid": false,
    "bookingdates": {
        "checkin": "2017-01-01",
        "checkout": "2018-01-01"
    },
    "additionalneeds": "Pork Belly Buns"
}
{
    "firstname": "Colby",
    "lastname": "Jacobi",
    "totalprice": 2509,
    "depositpaid": false,
    "bookingdates": {
        "checkin": "2017-01-01",
        "checkout": "2018-01-01"
    },
    "additionalneeds": "Pork Belly Buns"
}
]]></system-out>
  </testcase>
  <testcase name="updateBookingWithoutAuthTest" classname="nl.payconiq.api.tests.UpdateBookingTests" time="0.559">
    <system-out><![CDATA[Body:
{
    "firstname": "Isabell",
    "lastname": "VonRueden",
    "totalprice": 2071,
    "depositpaid": false,
    "bookingdates": {
        "checkin": "2017-01-01",
        "checkout": "2018-01-01"
    },
    "additionalneeds": "Pork Belly Buns"
}
{
    "firstname": "Isabell",
    "lastname": "VonRueden",
    "totalprice": 2071,
    "depositpaid": false,
    "bookingdates": {
        "checkin": "2017-01-01",
        "checkout": "2018-01-01"
    },
    "additionalneeds": "Pork Belly Buns"
}
]]></system-out>
  </testcase>
  <testcase name="deleteBookingWithSuccess" classname="nl.payconiq.api.tests.UpdateBookingTests" time="0.627">
    <system-out><![CDATA[Body:			<none>
]]></system-out>
  </testcase>
  <testcase name="healthCheckAPIWithSuccess" classname="nl.payconiq.api.tests.HealthCheckAPITests" time="0.567">
    <system-out><![CDATA[Body:			<none>
Created
]]></system-out>
  </testcase>
  <testcase name="createBookingWithSuccess" classname="nl.payconiq.api.tests.CreateBookingTests" time="0.71">
    <system-out><![CDATA[Body:
{
    "firstname": "Ramiro",
    "lastname": "Jerde",
    "totalprice": 730,
    "depositpaid": true,
    "bookingdates": {
        "checkin": "2017-01-01",
        "checkout": "2018-01-01"
    },
    "additionalneeds": "Souvlaki"
}
{
    "bookingid": 3128,
    "booking": {
        "firstname": "Ramiro",
        "lastname": "Jerde",
        "totalprice": 730,
        "depositpaid": true,
        "bookingdates": {
            "checkin": "2017-01-01",
            "checkout": "2018-01-01"
        },
        "additionalneeds": "Souvlaki"
    }
}
]]></system-out>
  </testcase>
  <testcase name="createBookingWithFailure" classname="nl.payconiq.api.tests.CreateBookingTests" time="0.57">
    <system-out><![CDATA[Body:
{
    "lastname": "Jerde",
    "totalprice": 730,
    "depositpaid": true,
    "bookingdates": {
        "checkin": "2017-01-01",
        "checkout": "2018-01-01"
    },
    "additionalneeds": "Souvlaki"
}
Internal Server Error
]]></system-out>
  </testcase>
  <testcase name="deleteBookingWithSuccess" classname="nl.payconiq.api.tests.CreateBookingTests" time="0.557">
    <system-out><![CDATA[Body:			<none>
]]></system-out>
  </testcase>
</testsuite>